<?xml version="1.0" encoding="UTF-8"?>
<testng-results ignored="0" total="2" passed="2" failed="0" skipped="0">
  <reporter-output>
  </reporter-output>
  <suite started-at="2026-04-03T14:44:59 IST" name="Suite" finished-at="2026-04-03T14:45:14 IST" duration-ms="14403">
    <groups>
    </groups>
    <test started-at="2026-04-03T14:44:59 IST" name="Test" finished-at="2026-04-03T14:45:14 IST" duration-ms="14403">
      <class name="testCases.TC002_LoginTest">
        <test-method is-config="true" signature="setup(java.lang.String,java.lang.String)[pri:0, instance:testCases.TC002_LoginTest@60d8c9b7]" started-at="2026-04-03T14:45:10 IST" name="setup" finished-at="2026-04-03T14:45:12 IST" duration-ms="1801" status="PASS">
          <params>
            <param index="0">
              <value>
                <![CDATA[Windows]]>
              </value>
            </param>
            <param index="1">
              <value>
                <![CDATA[chrome]]>
              </value>
            </param>
          </params>
          <reporter-output>
          </reporter-output>
        </test-method> <!-- setup -->
        <test-method signature="verify_login()[pri:0, instance:testCases.TC002_LoginTest@60d8c9b7]" started-at="2026-04-03T14:45:12 IST" name="verify_login" finished-at="2026-04-03T14:45:13 IST" duration-ms="1484" status="PASS">
          <reporter-output>
          </reporter-output>
        </test-method> <!-- verify_login -->
        <test-method is-config="true" signature="tearDown()[pri:0, instance:testCases.TC002_LoginTest@60d8c9b7]" started-at="2026-04-03T14:45:13 IST" name="tearDown" finished-at="2026-04-03T14:45:14 IST" duration-ms="200" status="PASS">
          <reporter-output>
          </reporter-output>
        </test-method> <!-- tearDown -->
      </class> <!-- testCases.TC002_LoginTest -->
      <class name="testCases.TC001_AccountRegistrationTest">
        <test-method is-config="true" signature="setup(java.lang.String,java.lang.String)[pri:0, instance:testCases.TC001_AccountRegistrationTest@4b5a5ed1]" started-at="2026-04-03T14:44:59 IST" name="setup" finished-at="2026-04-03T14:45:07 IST" duration-ms="7635" status="PASS">
          <params>
            <param index="0">
              <value>
                <![CDATA[Windows]]>
              </value>
            </param>
            <param index="1">
              <value>
                <![CDATA[chrome]]>
              </value>
            </param>
          </params>
          <reporter-output>
          </reporter-output>
        </test-method> <!-- setup -->
        <test-method signature="verify_account_registration()[pri:0, instance:testCases.TC001_AccountRegistrationTest@4b5a5ed1]" started-at="2026-04-03T14:45:07 IST" name="verify_account_registration" finished-at="2026-04-03T14:45:10 IST" duration-ms="2785" status="PASS">
          <reporter-output>
          </reporter-output>
        </test-method> <!-- verify_account_registration -->
        <test-method is-config="true" signature="tearDown()[pri:0, instance:testCases.TC001_AccountRegistrationTest@4b5a5ed1]" started-at="2026-04-03T14:45:10 IST" name="tearDown" finished-at="2026-04-03T14:45:10 IST" duration-ms="454" status="PASS">
          <reporter-output>
          </reporter-output>
        </test-method> <!-- tearDown -->
      </class> <!-- testCases.TC001_AccountRegistrationTest -->
    </test> <!-- Test -->
  </suite> <!-- Suite -->
</testng-results>
