<?xml version="1.0" encoding="UTF-8"?>
<testng-results ignored="0" total="2" passed="2" failed="0" skipped="0">
  <reporter-output>
  </reporter-output>
  <suite started-at="2026-04-06T09:28:52 IST" name="Suite" finished-at="2026-04-06T09:29:10 IST" duration-ms="18404">
    <groups>
    </groups>
    <test started-at="2026-04-06T09:28:52 IST" name="Test" finished-at="2026-04-06T09:29:10 IST" duration-ms="18404">
      <class name="testCases.TC002_LoginTest">
        <test-method is-config="true" signature="setup(java.lang.String,java.lang.String)[pri:0, instance:testCases.TC002_LoginTest@7eac9008]" started-at="2026-04-06T09:29:04 IST" name="setup" finished-at="2026-04-06T09:29:07 IST" duration-ms="3184" status="PASS">
          <params>
            <param index="0">
              <value>
                <![CDATA[Windows]]>
              </value>
            </param>
            <param index="1">
              <value>
                <![CDATA[chrome]]>
              </value>
            </param>
          </params>
          <reporter-output>
          </reporter-output>
        </test-method> <!-- setup -->
        <test-method signature="verify_login()[pri:0, instance:testCases.TC002_LoginTest@7eac9008]" started-at="2026-04-06T09:29:07 IST" name="verify_login" finished-at="2026-04-06T09:29:09 IST" duration-ms="2357" status="PASS">
          <reporter-output>
          </reporter-output>
        </test-method> <!-- verify_login -->
        <test-method is-config="true" signature="tearDown()[pri:0, instance:testCases.TC002_LoginTest@7eac9008]" started-at="2026-04-06T09:29:09 IST" name="tearDown" finished-at="2026-04-06T09:29:10 IST" duration-ms="641" status="PASS">
          <reporter-output>
          </reporter-output>
        </test-method> <!-- tearDown -->
      </class> <!-- testCases.TC002_LoginTest -->
      <class name="testCases.TC001_AccountRegistrationTest">
        <test-method is-config="true" signature="setup(java.lang.String,java.lang.String)[pri:0, instance:testCases.TC001_AccountRegistrationTest@6f03482]" started-at="2026-04-06T09:28:52 IST" name="setup" finished-at="2026-04-06T09:28:59 IST" duration-ms="7183" status="PASS">
          <params>
            <param index="0">
              <value>
                <![CDATA[Windows]]>
              </value>
            </param>
            <param index="1">
              <value>
                <![CDATA[chrome]]>
              </value>
            </param>
          </params>
          <reporter-output>
          </reporter-output>
        </test-method> <!-- setup -->
        <test-method signature="verify_account_registration()[pri:0, instance:testCases.TC001_AccountRegistrationTest@6f03482]" started-at="2026-04-06T09:28:59 IST" name="verify_account_registration" finished-at="2026-04-06T09:29:03 IST" duration-ms="4135" status="PASS">
          <reporter-output>
          </reporter-output>
        </test-method> <!-- verify_account_registration -->
        <test-method is-config="true" signature="tearDown()[pri:0, instance:testCases.TC001_AccountRegistrationTest@6f03482]" started-at="2026-04-06T09:29:03 IST" name="tearDown" finished-at="2026-04-06T09:29:04 IST" duration-ms="735" status="PASS">
          <reporter-output>
          </reporter-output>
        </test-method> <!-- tearDown -->
      </class> <!-- testCases.TC001_AccountRegistrationTest -->
    </test> <!-- Test -->
  </suite> <!-- Suite -->
</testng-results>
